Fri 12 Aug 2022 01:03:10 PM UTC: 
 tests:  0|7
total_score: 0/70
cd1db9d
Fri 12 Aug 2022 01:04:09 PM UTC: 
 exercises.c | 2 +-
 1 file changed, 1 insertion(+), 1 deletion(-)
 tests:  1|6
total_score: 10/70
f984400
Fri 12 Aug 2022 01:11:15 PM UTC: 
 exercises.c | 2 ++
 1 file changed, 2 insertions(+)
In file included from test.c:5:
exercises.c: In function ‘sumaNultimos’:
exercises.c:40:17: error: expected expression before ‘int’
   40 |   *suma = sumaN(int[a], int m);
      |                 ^~~
exercises.c:40:11: error: too few arguments to function ‘sumaN’
   40 |   *suma = sumaN(int[a], int m);
      |           ^~~~~
exercises.c:21:5: note: declared here
   21 | int sumaN(int a[], int N) {
      |     ^~~~~
Compilation failed
b60c349
Fri 12 Aug 2022 01:11:38 PM UTC: 
 exercises.c | 2 +-
 1 file changed, 1 insertion(+), 1 deletion(-)
In file included from test.c:5:
exercises.c: In function ‘sumaNultimos’:
exercises.c:40:17: error: expected expression before ‘int’
   40 |   *suma = sumaN(int a[], int m);
      |                 ^~~
exercises.c:40:11: error: too few arguments to function ‘sumaN’
   40 |   *suma = sumaN(int a[], int m);
      |           ^~~~~
exercises.c:21:5: note: declared here
   21 | int sumaN(int a[], int N) {
      |     ^~~~~
Compilation failed
69ecef8
Fri 12 Aug 2022 01:11:56 PM UTC: 
 exercises.c | 2 +-
 1 file changed, 1 insertion(+), 1 deletion(-)
In file included from test.c:5:
exercises.c: In function ‘sumaNultimos’:
exercises.c:40:9: error: expected expression before ‘int’
   40 |   sumaN(int a[], int m);
      |         ^~~
exercises.c:40:3: error: too few arguments to function ‘sumaN’
   40 |   sumaN(int a[], int m);
      |   ^~~~~
exercises.c:21:5: note: declared here
   21 | int sumaN(int a[], int N) {
      |     ^~~~~
Compilation failed
cf87455
Fri 12 Aug 2022 01:12:13 PM UTC: 
 exercises.c | 2 +-
 1 file changed, 1 insertion(+), 1 deletion(-)
 tests:  1|6
total_score: 10/70
75f8356
Fri 12 Aug 2022 01:19:07 PM UTC: 
 exercises.c | 2 +-
 1 file changed, 1 insertion(+), 1 deletion(-)
In file included from test.c:5:
exercises.c: In function ‘sumaNultimos’:
exercises.c:40:17: error: passing argument 1 of ‘sumaN’ makes pointer from integer without a cast [-Werror=int-conversion]
   40 |   *suma = sumaN(n,m)
      |                 ^
      |                 |
      |                 int
exercises.c:21:15: note: expected ‘int *’ but argument is of type ‘int’
   21 | int sumaN(int a[], int N) {
      |           ~~~~^~~
exercises.c:40:21: error: expected ‘;’ before ‘}’ token
   40 |   *suma = sumaN(n,m)
      |                     ^
      |                     ;
......
   43 | }
      | ~                    
cc1: all warnings being treated as errors
Compilation failed
035c0bf
Fri 12 Aug 2022 01:19:18 PM UTC: 
 exercises.c | 2 +-
 1 file changed, 1 insertion(+), 1 deletion(-)
In file included from test.c:5:
exercises.c: In function ‘sumaNultimos’:
exercises.c:40:17: error: passing argument 1 of ‘sumaN’ makes pointer from integer without a cast [-Werror=int-conversion]
   40 |   *suma = sumaN(n,m);
      |                 ^
      |                 |
      |                 int
exercises.c:21:15: note: expected ‘int *’ but argument is of type ‘int’
   21 | int sumaN(int a[], int N) {
      |           ~~~~^~~
cc1: all warnings being treated as errors
Compilation failed
3d4c483
Fri 12 Aug 2022 01:19:42 PM UTC: 
 exercises.c | 3 +--
 1 file changed, 1 insertion(+), 2 deletions(-)
In file included from test.c:5:
exercises.c: In function ‘sumaNultimos’:
exercises.c:40:7: error: ‘n’ redeclared as different kind of symbol
   40 |   int n;
      |       ^
exercises.c:39:32: note: previous definition of ‘n’ was here
   39 | void sumaNultimos(int a[], int n, int m, int * suma) {
      |                            ~~~~^
exercises.c:41:17: error: passing argument 1 of ‘sumaN’ makes pointer from integer without a cast [-Werror=int-conversion]
   41 |   *suma = sumaN(n,m);
      |                 ^
      |                 |
      |                 int
exercises.c:21:15: note: expected ‘int *’ but argument is of type ‘int’
   21 | int sumaN(int a[], int N) {
      |           ~~~~^~~
cc1: all warnings being treated as errors
Compilation failed
636c94c
Fri 12 Aug 2022 01:19:59 PM UTC: 
 exercises.c | 4 ++--
 1 file changed, 2 insertions(+), 2 deletions(-)
In file included from test.c:5:
exercises.c: In function ‘sumaNultimos’:
exercises.c:41:17: error: passing argument 1 of ‘sumaN’ makes pointer from integer without a cast [-Werror=int-conversion]
   41 |   *suma = sumaN(b,m);
      |                 ^
      |                 |
      |                 int
exercises.c:21:15: note: expected ‘int *’ but argument is of type ‘int’
   21 | int sumaN(int a[], int N) {
      |           ~~~~^~~
exercises.c:41:11: error: ‘b’ is used uninitialized in this function [-Werror=uninitialized]
   41 |   *suma = sumaN(b,m);
      |           ^~~~~~~~~~
cc1: all warnings being treated as errors
Compilation failed
0207bfd
Fri 12 Aug 2022 01:20:07 PM UTC: 
 exercises.c | 2 +-
 1 file changed, 1 insertion(+), 1 deletion(-)
In file included from test.c:5:
exercises.c: In function ‘sumaNultimos’:
exercises.c:41:17: error: passing argument 1 of ‘sumaN’ makes pointer from integer without a cast [-Werror=int-conversion]
   41 |   *suma = sumaN(b,m);
      |                 ^
      |                 |
      |                 int
exercises.c:21:15: note: expected ‘int *’ but argument is of type ‘int’
   21 | int sumaN(int a[], int N) {
      |           ~~~~^~~
cc1: all warnings being treated as errors
Compilation failed
1f69154
Fri 12 Aug 2022 01:20:27 PM UTC: 
 exercises.c | 3 +--
 1 file changed, 1 insertion(+), 2 deletions(-)
 tests:  1|6
total_score: 10/70
0e675c9
Fri 12 Aug 2022 01:21:39 PM UTC: 
 exercises.c | 2 ++
 1 file changed, 2 insertions(+)
In file included from test.c:5:
exercises.c: In function ‘sumaNultimos’:
exercises.c:41:10: error: initialization of ‘int *’ from ‘int’ makes pointer from integer without a cast [-Werror=int-conversion]
   41 |   int* b=(n+m);
      |          ^
exercises.c:41:8: error: unused variable ‘b’ [-Werror=unused-variable]
   41 |   int* b=(n+m);
      |        ^
cc1: all warnings being treated as errors
Compilation failed
170353e
Fri 12 Aug 2022 01:23:56 PM UTC: 
 exercises.c | 3 +--
 1 file changed, 1 insertion(+), 2 deletions(-)
In file included from test.c:5:
exercises.c: In function ‘sumaNultimos’:
exercises.c:40:7: error: unused variable ‘b’ [-Werror=unused-variable]
   40 |   int*b=(a+m);
      |       ^
cc1: all warnings being treated as errors
Compilation failed
2a75878
Fri 12 Aug 2022 01:24:06 PM UTC: 
 exercises.c | 2 +-
 1 file changed, 1 insertion(+), 1 deletion(-)
 tests:  1|6
total_score: 10/70
9370e9e
Fri 12 Aug 2022 01:28:16 PM UTC: 
 exercises.c | 3 ++-
 1 file changed, 2 insertions(+), 1 deletion(-)
 tests:  2|5
total_score: 20/70
64ebff0
Sat 13 Aug 2022 11:35:38 PM UTC: 
 exercises.c | 3 +--
 1 file changed, 1 insertion(+), 2 deletions(-)
In file included from test.c:5:
exercises.c: In function ‘crearPersona’:
exercises.c:60:13: error: unused variable ‘p’ [-Werror=unused-variable]
   60 |   Persona * p = malloc(sizeof(Persona));
      |             ^
cc1: all warnings being treated as errors
Compilation failed
5df7f8c
Sat 13 Aug 2022 11:39:28 PM UTC: 
 exercises.c | 5 +++--
 1 file changed, 3 insertions(+), 2 deletions(-)
In file included from test.c:5:
exercises.c: In function ‘crearPersona’:
exercises.c:61:3: error: too few arguments to function ‘strcpy’
   61 |   strcpy()
      |   ^~~~~~
In file included from /nix/store/iwd8ic5hhwdxn5dga0im55g5hjl270cd-glibc-2.33-47-dev/include/features.h:473,
                 from /nix/store/iwd8ic5hhwdxn5dga0im55g5hjl270cd-glibc-2.33-47-dev/include/bits/libc-header-start.h:33,
                 from /nix/store/iwd8ic5hhwdxn5dga0im55g5hjl270cd-glibc-2.33-47-dev/include/stdio.h:27,
                 from test.c:1:
/nix/store/iwd8ic5hhwdxn5dga0im55g5hjl270cd-glibc-2.33-47-dev/include/bits/string_fortified.h:77:1: note: declared here
   77 | __NTH (strcpy (char *__restrict __dest, const char *__restrict __src))
      | ^~~~~
In file included from test.c:5:
exercises.c:61:11: error: expected ‘;’ before ‘return’
   61 |   strcpy()
      |           ^
      |           ;
   62 |    return p;
      |    ~~~~~~  
exercises.c:60:13: error: unused variable ‘p’ [-Werror=unused-variable]
   60 |   Persona * p = (Persona*) malloc(sizeof(Persona));
      |             ^
exercises.c:63:1: error: control reaches end of non-void function [-Werror=return-type]
   63 | }
      | ^
cc1: all warnings being treated as errors
Compilation failed
f908f04
Sat 13 Aug 2022 11:39:40 PM UTC: 
 exercises.c | 1 -
 1 file changed, 1 deletion(-)
 tests:  2|5
total_score: 20/70
856622e
Sat 13 Aug 2022 11:41:29 PM UTC: 
 exercises.c | 3 +++
 1 file changed, 3 insertions(+)
 tests:  3|4
total_score: 30/70
75f370b
Sat 13 Aug 2022 11:49:49 PM UTC: 
 exercises.c | 9 ++++++---
 1 file changed, 6 insertions(+), 3 deletions(-)
In file included from test.c:5:
exercises.c: In function ‘crearVector’:
exercises.c:81:25: error: too few arguments to function ‘calloc’
   81 |   Vector * v = (Vector*)calloc(sizeof(n));
      |                         ^~~~~~
In file included from test.c:2:
/nix/store/iwd8ic5hhwdxn5dga0im55g5hjl270cd-glibc-2.33-47-dev/include/stdlib.h:542:14: note: declared here
  542 | extern void *calloc (size_t __nmemb, size_t __size)
      |              ^~~~~~
Compilation failed
b6c03a0
Sat 13 Aug 2022 11:52:16 PM UTC: 
 exercises.c | 2 +-
 1 file changed, 1 insertion(+), 1 deletion(-)
 tests:  3|4
total_score: 30/70
ea41c5f
Sat 13 Aug 2022 11:52:28 PM UTC: 
 exercises.c | 2 +-
 1 file changed, 1 insertion(+), 1 deletion(-)
 tests:  3|4
total_score: 30/70
e45e468
Sat 13 Aug 2022 11:53:03 PM UTC: 
 exercises.c | 2 +-
 1 file changed, 1 insertion(+), 1 deletion(-)
 tests:  3|4
total_score: 30/70
87d05e9
Sat 13 Aug 2022 11:54:07 PM UTC: 
 exercises.c | 1 +
 1 file changed, 1 insertion(+)
In file included from test.c:5:
exercises.c: In function ‘crearVector’:
exercises.c:82:38: error: expected expression before ‘)’ token
   82 |   v->datos = (Vector*)calloc(n, (int))
      |                                      ^
exercises.c:86:1: error: control reaches end of non-void function [-Werror=return-type]
   86 | }
      | ^
cc1: all warnings being treated as errors
Compilation failed
acdacfd
Sat 13 Aug 2022 11:54:13 PM UTC: 
 exercises.c | 2 +-
 1 file changed, 1 insertion(+), 1 deletion(-)
In file included from test.c:5:
exercises.c: In function ‘crearVector’:
exercises.c:82:38: error: expected expression before ‘)’ token
   82 |   v->datos = (Vector*)calloc(n, (int));
      |                                      ^
Compilation failed
12f147c
Sat 13 Aug 2022 11:54:25 PM UTC: 
 exercises.c | 2 +-
 1 file changed, 1 insertion(+), 1 deletion(-)
In file included from test.c:5:
exercises.c: In function ‘crearVector’:
exercises.c:82:12: error: assignment to ‘int *’ from incompatible pointer type ‘Vector *’ [-Werror=incompatible-pointer-types]
   82 |   v->datos = (Vector*)calloc(n, sizeof(int));
      |            ^
cc1: all warnings being treated as errors
Compilation failed
bf9b05d
Sat 13 Aug 2022 11:54:38 PM UTC: 
 exercises.c | 2 +-
 1 file changed, 1 insertion(+), 1 deletion(-)
 tests:  3|4
total_score: 30/70
96470a1
